Opened convpng.ini

--- Global Palette main_pal.png ---
Building palette with [256] available indices ...
Built palette with [256] indices.
Palette quality : 92.42%
Wrote palette image (bin/main_pal.png)

--- Group main_gfx (ASM) ---
Using built-in xlibc palette ...
7:
 AoCEI : converted! (18022 > 6889 bytes)
 intro : converted! (30627 > 9815 bytes)
 newloadgame : converted! (15248 > 3342 bytes)
 playhelpquit : converted! (9128 > 2730 bytes)
 pointer : converted! (807 > 236 bytes)
 singlemultiplayer : converted! (17264 > 3987 bytes)
 soldier : converted! (23312 > 7010 bytes)

--- Group gameplay_gfx (ASM) ---
Using defined palette bin/main_pal.png ...
2:
 cursor : converted!
 resources : converted!

--- Group tiles_gfx (ASM) ---
Using defined palette bin/main_pal.png ...
7:
 bush_1 : converted!
 bush_2 : converted!
 gold_1 : converted!
 gold_2 : converted!
 grass : converted!
 stone_1 : converted!
 stone_2 : converted!

--- Group trees_gfx (ASM) ---
Using defined palette bin/main_pal.png ...
8:
 tree_1 : converted!
 tree_2 : converted!
 tree_3 : converted!
 tree_4 : converted!
 tree_cut_1 : converted!
 tree_cut_2 : converted!
 tree_stump_1 : converted!
 tree_stump_2 : converted!

--- Group age_1 (ASM) ---
Using defined palette bin/main_pal.png ...
warning: might ignore transparent color value for a fixed palette.
Transparent Color Index : 0
Transparent Color : 0x4C0C
24:
 barracks_1 : converted! (6764 > 4522 bytes)
 farm_1 : converted! (4804 > 1718 bytes)
 house_1 : converted! (3104 > 1834 bytes)
 lumbercamp_1 : converted! (3764 > 1802 bytes)
 mill_1 : converted! (3038 > 2024 bytes)
 miningcamp_1 : converted! (2708 > 1669 bytes)
 foundation_1_1 : converted! (706 > 309 bytes)
 foundation_1_2 : converted! (834 > 403 bytes)
 foundation_1_3 : converted! (834 > 527 bytes)
 foundation_2_1 : converted! (2642 > 775 bytes)
 foundation_2_2 : converted! (2840 > 967 bytes)
 foundation_2_3 : converted! (2840 > 1332 bytes)
 foundation_3_1 : converted! (5392 > 1145 bytes)
 foundation_3_2 : converted! (5686 > 1545 bytes)
 foundation_3_3 : converted! (5686 > 2165 bytes)
 foundation_4_1 : converted! (9232 > 1748 bytes)
 foundation_4_2 : converted! (9622 > 2204 bytes)
 foundation_4_3 : converted! (9622 > 3295 bytes)
 rubble_1 : converted! (578 > 410 bytes)
 rubble_2 : converted! (2246 > 1421 bytes)
 rubble_3 : converted! (5000 > 2765 bytes)
 rubble_4 : converted! (8452 > 4794 bytes)
 outpost_1 : converted! (1826 > 1338 bytes)
 towncenter_1 : converted! (10142 > 4695 bytes)

--- Group age_2 (ASM) ---
Using defined palette bin/main_pal.png ...
warning: might ignore transparent color value for a fixed palette.
Transparent Color Index : 0
Transparent Color : 0x4C0C
9:
 archery_2 : converted! (7940 > 3935 bytes)
 barracks_2 : converted! (7548 > 4550 bytes)
 blacksmith_2 : converted! (5980 > 3727 bytes)
 house_2 : converted! (3500 > 2044 bytes)
 market_2 : converted! (13522 > 6889 bytes)
 mill_2 : converted! (3698 > 2245 bytes)
 stable_2 : converted! (5980 > 3314 bytes)
 tower_2 : converted! (1954 > 1557 bytes)
 towncenter_2 : converted! (10922 > 5880 bytes)

--- Group age_3 (ASM) ---
Using defined palette bin/main_pal.png ...
warning: might ignore transparent color value for a fixed palette.
Transparent Color Index : 0
Transparent Color : 0x4C0C
13:
 archery_3 : converted! (7940 > 4258 bytes)
 barracks_3 : converted! (7842 > 4936 bytes)
 blacksmith_3 : converted! (5980 > 3575 bytes)
 castle_3 : converted! (17032 > 13298 bytes)
 house_3 : converted! (3764 > 2214 bytes)
 market_3 : converted! (13912 > 7734 bytes)
 mill_3 : converted! (3698 > 2196 bytes)
 monastery_3 : converted! (10488 > 6474 bytes)
 siegeworkshop_3 : converted! (10792 > 6218 bytes)
 stable_3 : converted! (7548 > 4290 bytes)
 tower_3 : converted! (2210 > 1800 bytes)
 towncenter_3 : converted! (11052 > 5836 bytes)
 university_3 : converted! (10272 > 6199 bytes)

--- Group age_4 (ASM) ---
Using defined palette bin/main_pal.png ...
warning: might ignore transparent color value for a fixed palette.
Transparent Color Index : 0
Transparent Color : 0x4C0C
3:
 market_4 : converted! (12742 > 6720 bytes)
 towncenter_4 : converted! (11052 > 6341 bytes)
 university_4 : converted! (11962 > 6804 bytes)

Converted in 7 s

[warning] image quality might be too low.
please try grouping similar images, reducing image colors, 
or selecting a better palette if conversion is not ideal.

Finished!
